0 info it worked if it ends with ok
1 verbose cli [ 'D:\\Program Files\\nodejs\\node.exe',
1 verbose cli   'C:\\Users\\iskander\\AppData\\Roaming\\npm\\node_modules\\npm\\bin\\npm-cli.js',
1 verbose cli   'run',
1 verbose cli   'clean' ]
2 info using npm@3.10.2
3 info using node@v4.4.6
4 verbose run-script [ 'preclean', 'clean', 'postclean' ]
5 info lifecycle decos@0.0.0~preclean: decos@0.0.0
6 silly lifecycle decos@0.0.0~preclean: no script for preclean, continuing
7 info lifecycle decos@0.0.0~clean: decos@0.0.0
8 verbose lifecycle decos@0.0.0~clean: unsafe-perm in lifecycle true
9 verbose lifecycle decos@0.0.0~clean: PATH: C:\Users\iskander\AppData\Roaming\npm\node_modules\npm\bin\node-gyp-bin;d:\Dev\npm\decos\node_modules\.bin;D:\Program Files\nodejs;C:\Windows\system32;C:\Windows;C:\Windows\System32\Wbem;C:\Windows\System32\WindowsPowerShell\v1.0\;C:\Program Files (x86)\Windows Live\Shared;D:\Program Files\TortoiseHg\;C:\Program Files\Microsoft\Web Platform Installer\;C:\ProgramData\chocolatey\bin;C:\Program Files (x86)\Windows Kits\8.1\Debuggers\x64;D:\Go\bin;D:\MongoDB\bin;D:\Program Files (x86)\Git\bin\;C:\Program Files (x86)\Microsoft SQL Server\100\Tools\Binn\;C:\Program Files\Microsoft SQL Server\100\Tools\Binn\;C:\Program Files\Microsoft SQL Server\100\DTS\Binn\;D:\nant\bin;C:\WINDOWS\system32;C:\WINDOWS;C:\WINDOWS\System32\Wbem;C:\WINDOWS\System32\WindowsPowerShell\v1.0\;D:\Users\iskander\AppData\Local\Android\sdk\platform-tools;C:\Program Files (x86)\GtkSharp\2.12\bin;C:\Users\iskander\.dnx\bin;C:\Program Files\Microsoft DNX\Dnvm\;C:\Users\iskander\AppData\Roaming\npm;C:\Program Files\Java\jdk1.8.0_60\bin;D:\Program Files (x86)\GitExtensions\;D:\Program Files\dotnet\bin;C:\Program Files (x86)\Skype\Phone\;D:\Program Files (x86)\CodeSmith\v7.1\;C:\WINDOWS\system32;C:\WINDOWS;C:\WINDOWS\System32\Wbem;C:\WINDOWS\System32\WindowsPowerShell\v1.0\;C:\Program Files\Microsoft SQL Server\130\Tools\Binn\;C:\Program Files\Microsoft Service Fabric\bin\Fabric\Fabric.Code;C:\Program Files\Microsoft SDKs\Service Fabric\Tools\ServiceFabricLocalClusterManager;D:\Program Files (x86)\Nant\nant-0.92\bin;C:\Program Files (x86)\Fuse\;C:\Program Files (x86)\Windows Kits\10\Windows Performance Toolkit\;C:\Program Files (x86)\Microsoft Emulator Manager\1.0\;D:\Program Files\nodejs\;C:\Program Files\Git\cmd;C:\Program Files\dotnet\;C:\Users\iskander\.dnx\runtimes\dnx-clr-win-x86.1.0.0-rc1-update1\bin;D:\Program Files (x86)\Microsoft VS Code\bin
10 verbose lifecycle decos@0.0.0~clean: CWD: d:\Dev\npm\decos
11 silly lifecycle decos@0.0.0~clean: Args: [ '/d /s /c', 'del "index.js" "src/**/*.js" ' ]
12 silly lifecycle decos@0.0.0~clean: Returned: code: 123  signal: null
13 info lifecycle decos@0.0.0~clean: Failed to exec clean script
14 verbose stack Error: decos@0.0.0 clean: `del "index.js" "src/**/*.js" `
14 verbose stack Exit status 123
14 verbose stack     at EventEmitter.<anonymous> (C:\Users\iskander\AppData\Roaming\npm\node_modules\npm\lib\utils\lifecycle.js:242:16)
14 verbose stack     at emitTwo (events.js:87:13)
14 verbose stack     at EventEmitter.emit (events.js:172:7)
14 verbose stack     at ChildProcess.<anonymous> (C:\Users\iskander\AppData\Roaming\npm\node_modules\npm\lib\utils\spawn.js:40:14)
14 verbose stack     at emitTwo (events.js:87:13)
14 verbose stack     at ChildProcess.emit (events.js:172:7)
14 verbose stack     at maybeClose (internal/child_process.js:827:16)
14 verbose stack     at Process.ChildProcess._handle.onexit (internal/child_process.js:211:5)
15 verbose pkgid decos@0.0.0
16 verbose cwd d:\Dev\npm\decos
17 error Windows_NT 10.0.10586
18 error argv "D:\\Program Files\\nodejs\\node.exe" "C:\\Users\\iskander\\AppData\\Roaming\\npm\\node_modules\\npm\\bin\\npm-cli.js" "run" "clean"
19 error node v4.4.6
20 error npm  v3.10.2
21 error code ELIFECYCLE
22 error decos@0.0.0 clean: `del "index.js" "src/**/*.js" `
22 error Exit status 123
23 error Failed at the decos@0.0.0 clean script 'del "index.js" "src/**/*.js" '.
23 error Make sure you have the latest version of node.js and npm installed.
23 error If you do, this is most likely a problem with the decos package,
23 error not with npm itself.
23 error Tell the author that this fails on your system:
23 error     del "index.js" "src/**/*.js"
23 error You can get information on how to open an issue for this project with:
23 error     npm bugs decos
23 error Or if that isn't available, you can get their info via:
23 error     npm owner ls decos
23 error There is likely additional logging output above.
24 verbose exit [ 1, true ]
